C51 COMPILER V9.57.0.0   BSP                                                               06/16/2020 11:31:24 PAGE 1   


C51 COMPILER V9.57.0.0, COMPILATION OF MODULE BSP
OBJECT MODULE PLACED IN .\bsp.obj
COMPILER INVOKED BY: D:\Keil_v5\C51\BIN\C51.EXE ..\src\bsp\bsp.c COMPACT OPTIMIZE(8,SPEED) INCDIR(..\src\bsp) DEBUG OBJE
                    -CTEXTEND PRINT(.\list\bsp.lst) OBJECT(.\bsp.obj)

line level    source

   1          /*
   2          *********************************************************************************************************
   3          *
   4          *       模块名称 : BSP模块
   5          *       文件名称 : bsp.c
   6          *       版    本 : V1.0
   7          *       说    明 : 硬件底层驱动程序集合
   8          *
   9          *       修改记录 :
  10          *               版本号  日期       作者    说明
  11          *               v1.0    2012-10-12 armfly  ST固件库版本 V2.1.0
  12          *
  13          *       Copyright (C), 2012-2013, 安富莱电子 www.armfly.com
  14          *
  15          *********************************************************************************************************
  16          */
  17          
  18          #include "bsp.h"
  19          
  20          /*
  21          *********************************************************************************************************
  22          *       函 数 名: bsp_Init
  23          *       功能说明: 初始化硬件设备
  24          *       形    参：无
  25          *       返 回 值: 无
  26          *********************************************************************************************************
  27          */
  28          void bsp_Init(void)
  29          {
  30   1              bsp_InitUart();         /* 初始化串口 */
  31   1      }
  32          
  33          
  34          void bsp_Idle(void)
  35          {
  36   1              ;
  37   1      }
  38          
  39          /*
  40          *********************************************************************************************************
  41          *       函 数 名: bsp_DelayMS
  42          *       功能说明: 延时函数。按照89C52调试， 12T指令周期， 11.0592晶振
  43          *       形    参：无
  44          *       返 回 值: 无
  45          *********************************************************************************************************
  46          */
  47          void bsp_DelayMS(uint16_t n)
  48          {
  49   1              /* 安富莱电子: 2014-04-23
  50   1                 以下代码，已经通过逻辑分析验证。     bsp_DelayMS(500) 时，实际延迟498ms 
  51   1              */
  52   1              uint16_t k;
  53   1      
  54   1              while(n--)
C51 COMPILER V9.57.0.0   BSP                                                               06/16/2020 11:31:24 PAGE 2   

  55   1              {
  56   2                      for (k = 0; k < 75; k++);
  57   2              }
  58   1      }
  59          
  60          /***************************** 安富莱电子 www.armfly.com (END OF FILE) *********************************/


MODULE INFORMATION:   STATIC OVERLAYABLE
   CODE SIZE        =     34    ----
   CONSTANT SIZE    =   ----    ----
   XDATA SIZE       =   ----    ----
   PDATA SIZE       =   ----    ----
   DATA SIZE        =   ----    ----
   IDATA SIZE       =   ----    ----
   BIT SIZE         =   ----    ----
END OF MODULE INFORMATION.


C51 COMPILATION COMPLETE.  0 WARNING(S),  0 ERROR(S)
