C51 COMPILER V9.57.0.0   BSP_PRINTF                                                        06/16/2020 11:31:24 PAGE 1   


C51 COMPILER V9.57.0.0, COMPILATION OF MODULE BSP_PRINTF
OBJECT MODULE PLACED IN .\bsp_printf.obj
COMPILER INVOKED BY: D:\Keil_v5\C51\BIN\C51.EXE ..\src\bsp\bsp_printf.c COMPACT OPTIMIZE(8,SPEED) INCDIR(..\src\bsp) DEB
                    -UG OBJECTEXTEND PRINT(.\list\bsp_printf.lst) OBJECT(.\bsp_printf.obj)

line level    source

   1          /*
   2          *********************************************************************************************************
   3          *
   4          *       模块名称 : printf模块
   5          *       文件名称 : bsp_printf.c
   6          *       版    本 : V1.0
   7          *       说    明 : 实现printf和scanf函数重定向到串口1，即支持printf信息到UART1
   8          *                               实现重定向，只需要添加2个函数:
   9          *                               char putchar(char c);
  10          *                               int fgetc(FILE *f);
  11          *                               char getchar(void)
  12          *
  13          *                               这个c模块无对应的h文件。
  14          *                               如果需要应用程序支持 printf 函数，只用将 bsp_printf.c 这个文件添加到工程即可。
  15          *
  16          *       修改记录 :
  17          *               版本号  日期       作者    说明
  18          *               v1.0    2014-04-20 armfly  首版
  19          *
  20          *       Copyright (C), 2014-2015, 安富莱电子 www.armfly.com
  21          *
  22          *********************************************************************************************************
  23          */
  24          
  25          #include "bsp.h"
  26          
  27          /*
  28          *********************************************************************************************************
  29          *       函 数 名: putchar
  30          *       功能说明: 重定义 putchar 函数， 这样可以使用printf函数从串口1打印输出
  31          *       形    参: 等待发送的字符
  32          *       返 回 值: 返回已发送的字符
  33          *********************************************************************************************************
  34          */
  35          char putchar(char c)
  36          {
  37   1              /* 发送一个字符 c 到UART1 */
  38   1              UART_SendByte(c);
  39   1      
  40   1              return (c);
  41   1      }
  42          
  43          /*
  44          *********************************************************************************************************
  45          *       函 数 名: getchar
  46          *       功能说明: 重定义C库中的 getchar 函数,这样可以使用scanff函数从串口1输入数据
  47          *       形    参: 无
  48          *       返 回 值: 返回已读到的字符
  49          *********************************************************************************************************
  50          */
  51          char getchar(void)
  52          {
  53   1              return UART_GetByte();
  54   1      }
C51 COMPILER V9.57.0.0   BSP_PRINTF                                                        06/16/2020 11:31:24 PAGE 2   

  55          
  56          /***************************** 安富莱电子 www.armfly.com (END OF FILE) *********************************/


MODULE INFORMATION:   STATIC OVERLAYABLE
   CODE SIZE        =     15    ----
   CONSTANT SIZE    =   ----    ----
   XDATA SIZE       =   ----    ----
   PDATA SIZE       =   ----       1
   DATA SIZE        =   ----    ----
   IDATA SIZE       =   ----    ----
   BIT SIZE         =   ----    ----
END OF MODULE INFORMATION.


C51 COMPILATION COMPLETE.  0 WARNING(S),  0 ERROR(S)
