C51 COMPILER V9.57.0.0   MAIN                                                              06/15/2020 17:53:09 PAGE 1   


C51 COMPILER V9.57.0.0, COMPILATION OF MODULE MAIN
OBJECT MODULE PLACED IN .\Objects\main.obj
COMPILER INVOKED BY: D:\Keil_v5\C51\BIN\C51.EXE main.c OPTIMIZE(8,SPEED) BROWSE DEBUG OBJECTEXTEND PRINT(.\Listings\main
                    -.lst) OBJECT(.\Objects\main.obj)

line level    source

   1          #include "reg52.h"
   2          
   3          void DelayMS(int n)
   4          {
   5   1              int k;
   6   1              while(n--)
   7   1              {
   8   2                      for (k = 0; k < 75; k++);
   9   2              }
  10   1      }
  11          
  12          
  13          void mian(){
  14   1              int i;
  15   1              code int table[10] = {0x01,0x02,0x03,0x04,0x05,0x06};
  16   1              P0=0x61;
  17   1              while(1){
  18   2                      for(i=0;i<16;i++){
  19   3                              DelayMS(100);
  20   3                              P0 = table[i];
  21   3                      }
  22   2              }
  23   1              
  24   1              
  25   1      }


MODULE INFORMATION:   STATIC OVERLAYABLE
   CODE SIZE        =     92    ----
   CONSTANT SIZE    =     20    ----
   XDATA SIZE       =   ----    ----
   PDATA SIZE       =   ----    ----
   DATA SIZE        =   ----       2
   IDATA SIZE       =   ----    ----
   BIT SIZE         =   ----    ----
END OF MODULE INFORMATION.


C51 COMPILATION COMPLETE.  0 WARNING(S),  0 ERROR(S)
